2022-04-01 12:59:46,858 - INFO - updating all cats
2022-04-01 13:02:27,950 - INFO - updating all cats
2022-04-01 13:02:54,998 - WARNING - no small cat list for 200002673
2022-04-01 13:03:36,248 - ERROR - error
2022-04-01 13:06:47,944 - INFO - updating all cats
2022-04-01 13:10:33,524 - WARNING - no small cat list for 200002671
2022-04-01 13:11:06,470 - INFO - updating all cats
2022-04-01 13:12:22,502 - WARNING - no small cat list for 200002676
2022-04-01 13:12:56,171 - WARNING - no small cat list for 200002682
2022-04-01 13:13:07,311 - WARNING - no small cat list for 200002681
2022-04-01 13:15:42,972 - WARNING - no small cat list for 200002393
2022-04-01 13:16:18,255 - WARNING - no medium cat list for 100000003
2022-04-01 13:16:45,984 - WARNING - no small cat list for 200000492
2022-04-01 13:16:54,127 - WARNING - no small cat list for 200000493
2022-04-01 13:17:49,973 - WARNING - no small cat list for 200000479
2022-04-01 13:17:58,496 - WARNING - no small cat list for 200001737
2022-04-01 13:19:18,098 - WARNING - no small cat list for 200001438
2022-04-01 13:19:19,895 - WARNING - no small cat list for 200002553
2022-04-01 13:20:33,477 - WARNING - no small cat list for 200000764
2022-04-01 13:21:10,272 - WARNING - no small cat list for 200001421
2022-04-01 13:21:45,666 - WARNING - no small cat list for 200000558
2022-04-01 13:24:31,155 - WARNING - no small cat list for 200002934
2022-04-01 13:24:49,954 - WARNING - no small cat list for 200002937
2022-04-01 13:25:21,460 - WARNING - no small cat list for 200001263
2022-04-01 13:25:33,902 - WARNING - no small cat list for 200001262
2022-04-01 13:32:06,451 - WARNING - no small cat list for 200002359
2022-04-01 13:32:09,678 - WARNING - no small cat list for 200001215
2022-04-01 13:32:56,440 - WARNING - no small cat list for 200001210
2022-04-01 13:33:37,804 - WARNING - no small cat list for 200002370
2022-04-01 13:55:39,572 - ERROR - error
2022-04-01 15:31:28,718 - INFO - updating all cats
2022-04-01 15:33:05,292 - WARNING - no small cat list for 200002664
2022-04-01 15:34:26,358 - WARNING - no small cat list for 200002684
2022-04-01 15:34:26,805 - WARNING - no medium cat list for 100000105
2022-04-01 15:35:01,123 - WARNING - no proxy valid
2022-04-01 15:35:23,754 - WARNING - no proxy valid
2022-04-01 15:36:09,964 - WARNING - no small cat list for 200000378
2022-04-01 15:37:49,816 - WARNING - no small cat list for 200002397
2022-04-01 15:37:52,026 - WARNING - no small cat list for 200000498
2022-04-01 15:37:57,520 - WARNING - no small cat list for 200000501
2022-04-01 15:39:27,952 - WARNING - no small cat list for 200000499
2022-04-01 15:40:13,596 - WARNING - no small cat list for 200002613
2022-04-01 15:40:17,997 - WARNING - no small cat list for 200002520
2022-04-01 15:41:00,400 - WARNING - no medium cat list for 100000046
2022-04-01 15:44:45,801 - WARNING - no small cat list for 200000945
2022-04-01 15:45:37,005 - WARNING - no small cat list for 200000375
2022-04-01 15:45:51,993 - WARNING - no small cat list for 200001420
2022-04-01 15:45:52,471 - WARNING - no small cat list for 200001421
2022-04-01 15:45:56,353 - WARNING - no small cat list for 200001423
2022-04-01 15:46:08,401 - WARNING - no small cat list for 200000552
2022-04-01 15:46:10,142 - WARNING - no small cat list for 200000761
2022-04-01 15:47:36,953 - WARNING - no small cat list for 200002593
2022-04-01 15:48:08,177 - WARNING - no medium cat list for 100000005
2022-04-01 15:48:13,704 - WARNING - no medium cat list for 100000071
2022-04-01 15:48:14,544 - WARNING - no medium cat list for 100000006
2022-04-01 15:49:16,501 - WARNING - no small cat list for 200001328
2022-04-01 15:49:25,446 - WARNING - no small cat list for 200001659
2022-04-01 15:49:26,319 - WARNING - no small cat list for 200000575
2022-04-01 15:49:27,156 - WARNING - no small cat list for 200001329
2022-04-01 15:49:27,625 - WARNING - no small cat list for 200001493
2022-04-01 15:49:29,419 - WARNING - no small cat list for 200001331
2022-04-01 15:49:34,923 - WARNING - no small cat list for 200001651
2022-04-01 15:49:39,313 - WARNING - no small cat list for 200000512
2022-04-01 15:50:00,792 - WARNING - no medium cat list for 100000095
2022-04-01 15:50:22,788 - WARNING - no small cat list for 200001217
2022-04-01 15:51:08,871 - WARNING - no proxy valid
2022-04-01 15:53:19,568 - ERROR - error
2022-04-01 16:01:56,195 - INFO - updating all cats
2022-04-01 16:03:49,604 - WARNING - no proxy valid
2022-04-01 16:04:30,954 - WARNING - no small cat list for 200002676
2022-04-01 16:04:41,064 - WARNING - no small cat list for 200002671
2022-04-01 16:05:21,001 - WARNING - no small cat list for 200002680
2022-04-01 16:06:14,343 - WARNING - no small cat list for 200002679
2022-04-01 16:07:15,486 - WARNING - no small cat list for 200002688
2022-04-01 16:08:10,123 - WARNING - no small cat list for 200002768
2022-04-01 16:09:05,702 - WARNING - no proxy valid
2022-04-01 16:11:27,511 - WARNING - no proxy valid
2022-04-01 16:12:31,640 - WARNING - no small cat list for 200000500
2022-04-01 16:13:11,904 - WARNING - no small cat list for 200000487
2022-04-01 16:14:08,444 - WARNING - no small cat list for 200002520
2022-04-01 16:14:57,446 - WARNING - no medium cat list for 100000046
2022-04-01 16:15:01,721 - WARNING - no small cat list for 200000162
2022-04-01 16:15:23,853 - WARNING - no small cat list for 200001938
2022-04-01 16:15:51,973 - WARNING - no small cat list for 200002554
2022-04-01 16:15:52,821 - WARNING - no small cat list for 200002244
2022-04-01 16:17:44,049 - WARNING - no small cat list for 200000669
2022-04-01 16:17:44,517 - WARNING - no small cat list for 200001438
2022-04-01 16:18:18,566 - WARNING - no proxy valid
2022-04-02 11:08:42,870 - INFO - updating all cats
2022-04-02 11:22:56,026 - INFO - updating all cats
2022-04-02 11:24:45,517 - WARNING - no proxy valid
2022-04-02 11:25:15,850 - WARNING - no proxy valid
2022-04-02 11:25:37,568 - WARNING - no small cat list for 200002670
2022-04-02 11:25:41,522 - WARNING - no small cat list for 200002674
2022-04-02 11:25:52,679 - WARNING - no small cat list for 200002664
2022-04-02 11:26:37,484 - WARNING - no proxy valid
2022-04-02 11:27:04,402 - WARNING - no small cat list for 200002678
2022-04-02 11:28:03,098 - WARNING - no medium cat list for 100000105
2022-04-02 11:28:48,000 - WARNING - no small cat list for 200002707
2022-04-02 11:30:03,637 - WARNING - no small cat list for 200002701
2022-04-02 11:31:07,108 - WARNING - no medium cat list for 100000096
2022-04-02 11:32:23,233 - WARNING - no small cat list for 200000504
2022-04-02 11:34:07,030 - WARNING - no proxy valid
2022-04-02 11:36:07,367 - WARNING - no proxy valid
2022-04-02 11:37:36,444 - WARNING - no proxy valid
2022-04-02 11:39:10,177 - WARNING - no proxy valid
2022-04-02 11:40:14,164 - WARNING - no small cat list for 200002584
2022-04-02 11:41:25,170 - WARNING - no small cat list for 200001643
2022-04-02 11:41:38,538 - WARNING - no medium cat list for 100000070
2022-04-02 11:42:08,357 - WARNING - no small cat list for 200000469
2022-04-02 11:42:30,935 - WARNING - no small cat list for 200000787
2022-04-02 11:45:58,616 - WARNING - no small cat list for 200002587
2022-04-02 11:48:55,941 - WARNING - no proxy valid
2022-04-02 11:50:38,520 - WARNING - no small cat list for 200000558
2022-04-02 11:50:46,620 - WARNING - no small cat list for 200002245
2022-04-02 11:50:53,719 - WARNING - no small cat list for 200002246
2022-04-02 11:53:57,179 - WARNING - no proxy valid
2022-04-02 11:54:42,368 - WARNING - no proxy valid
2022-04-02 11:54:56,049 - WARNING - no small cat list for 200001764
2022-04-02 11:54:57,321 - WARNING - no small cat list for 200001785
2022-04-02 11:55:27,566 - WARNING - no proxy valid
2022-04-02 11:59:26,324 - WARNING - no small cat list for 200002508
2022-04-02 12:01:30,658 - WARNING - no proxy valid
2022-04-02 12:02:54,221 - WARNING - no small cat list for 200001593
2022-04-02 12:06:04,569 - WARNING - no proxy valid
2022-04-02 12:09:06,706 - WARNING - no proxy valid
2022-04-02 12:12:14,937 - WARNING - no small cat list for 200000219
2022-04-02 12:13:41,450 - WARNING - no proxy valid
2022-04-02 12:18:12,367 - WARNING - no small cat list for 200001209
2022-04-02 12:18:49,015 - WARNING - no proxy valid
2022-04-02 12:20:17,064 - WARNING - no small cat list for 200001197
2022-04-02 12:20:54,363 - WARNING - no proxy valid
2022-04-02 12:22:06,891 - WARNING - no small cat list for 200002375
2022-04-02 12:24:16,796 - WARNING - no small cat list for 200002936
2022-04-02 12:26:47,521 - WARNING - no small cat list for 200002078
2022-04-02 12:27:47,847 - WARNING - no proxy valid
2022-04-02 12:28:10,234 - WARNING - no small cat list for 200002076
2022-04-02 12:29:00,922 - WARNING - no proxy valid
2022-04-02 12:31:15,249 - WARNING - no small cat list for 200002914
2022-04-02 12:31:54,281 - WARNING - no proxy valid
2022-04-02 12:31:56,442 - WARNING - no small cat list for 200002918
2022-04-02 12:33:04,394 - WARNING - no small cat list for 200000702
2022-04-02 12:33:50,370 - WARNING - no small cat list for 200000427
2022-04-02 16:50:15,923 - INFO - updating all cats
2022-04-02 16:50:17,958 - ERROR - error
2022-04-02 17:03:13,368 - INFO - updating all cats
2022-04-02 17:03:13,368 - ERROR - error
2022-04-02 17:04:06,959 - INFO - updating all cats
2022-04-02 17:10:37,969 - INFO - updating all cats
2022-04-02 17:11:42,134 - INFO - updating all cats
2022-04-02 17:40:07,380 - INFO - updating all cats
2022-04-02 17:44:42,409 - INFO - updating all cats
